build/app/outputs/mapping/release/seeds.txt
androidx.lifecycle.Lifecycle$Event: androidx.lifecycle.Lifecycle$Event ON_START
com.google.android.gms.internal.measurement.zzeq: java.lang.String zzg
io.flutter.embedding.android.FlutterSplashView$SavedState
io.flutter.embedding.engine.FlutterJNI: void ensureAttachedToNative()
com.google.android.gms.internal.measurement.zzgm: com.google.android.gms.internal.measurement.zzgm zzg
com.google.android.gms.measurement.AppMeasurement: java.lang.String getAppInstanceId()
io.flutter.embedding.engine.FlutterJNI: void onBeginFrame()
io.flutter.view.AccessibilityViewEmbedder: void copyAccessibilityFields(android.view.accessibility.AccessibilityNodeInfo,android.view.accessibility.AccessibilityNodeInfo)
io.flutter.embedding.android.FlutterActivityLaunchConfigs$BackgroundMode: io.flutter.embedding.android.FlutterActivityLaunchConfigs$BackgroundMode[] values()
io.flutter.embedding.engine.mutatorsstack.FlutterMutatorsStack: void pushClipRRect(int,int,int,int,float[])
org.chromium.support_lib_boundary.ServiceWorkerWebSettingsBoundaryInterface: boolean getAllowContentAccess()
com.google.android.gms.measurement.internal.AppMeasurementDynamiteService: void logEvent(java.lang.String,java.lang.String,android.os.Bundle,boolean,boolean,long)
io.flutter.plugin.platform.SingleViewPresentation: io.flutter.plugin.platform.SingleViewPresentation$AccessibilityDelegatingFrameLayout rootView
io.flutter.plugin.editing.ImeSyncDeferringInsetsCallback$AnimationCallback
com.google.android.gms.dynamite.DynamiteModule$DynamiteLoaderClassLoader: java.lang.ClassLoader sClassLoader
io.flutter.view.AccessibilityViewEmbedder: java.util.Map embeddedViewToDisplayBounds
io.flutter.embedding.engine.FlutterJNI: void nativeDeferredComponentInstallFailure(int,java.lang.String,boolean)
io.flutter.view.FlutterCallbackInformation
io.flutter.embedding.engine.FlutterJNI: void nativeNotifyLowMemoryWarning(long)
io.flutter.view.AccessibilityViewEmbedder: android.view.View rootAccessibilityView
io.flutter.embedding.engine.FlutterJNI: void nativeSurfaceWindowChanged(long,android.view.Surface)
io.flutter.embedding.engine.renderer.SurfaceTextureWrapper: void attachToGLContext(int)
com.google.android.gms.measurement.internal.AppMeasurementDynamiteService: void setEventInterceptor(com.google.android.gms.internal.measurement.zzci)
com.google.android.gms.internal.measurement.zzfk: int zze
io.flutter.plugins.webviewflutter.JavaScriptChannel
org.chromium.support_lib_boundary.ServiceWorkerWebSettingsBoundaryInterface: void setCacheMode(int)
io.flutter.plugin.editing.TextInputPlugin$InputTarget$Type: io.flutter.plugin.editing.TextInputPlugin$InputTarget$Type valueOf(java.lang.String)
io.flutter.embedding.engine.FlutterJNI: void addIsDisplayingFlutterUiListener(io.flutter.embedding.engine.renderer.FlutterUiDisplayListener)
com.google.android.gms.internal.measurement.zzgh: java.lang.String zzg
org.chromium.support_lib_boundary.ServiceWorkerClientBoundaryInterface: android.webkit.WebResourceResponse shouldInterceptRequest(android.webkit.WebResourceRequest)
com.google.android.gms.internal.measurement.zzfw: com.google.android.gms.internal.measurement.zzkk zzG
com.google.android.gms.internal.measurement.zzfc: com.google.android.gms.internal.measurement.zzkk zzi
com.google.android.gms.internal.measurement.zzgd
io.flutter.embedding.engine.systemchannels.PlatformChannel$Brightness: io.flutter.embedding.engine.systemchannels.PlatformChannel$Brightness[] values()
com.google.android.gms.internal.measurement.zzfw: int zza
io.flutter.plugin.editing.ImeSyncDeferringInsetsCallback: android.view.WindowInsets access$400(io.flutter.plugin.editing.ImeSyncDeferringInsetsCallback)
org.chromium.support_lib_boundary.WebResourceRequestBoundaryInterface: boolean isRedirect()
com.google.android.gms.internal.measurement.zzew: com.google.android.gms.internal.measurement.zzew[] values()