build/app/outputs/mapping/release/mapping.txt
# compiler: R8
# compiler_version: 2.0.88
# min_api: 23
# pg_map_id: 0673f87
# common_typos_disable
...
com.google.android.gms.internal.measurement.zzkd -> b.a.a.a.d.c.p8:
    void zzbv(com.google.android.gms.internal.measurement.zzjk) -> a
    com.google.android.gms.internal.measurement.zzli zzbL() -> b
    int zzbw() -> f
    com.google.android.gms.internal.measurement.zzlh zzbG() -> g
    com.google.android.gms.internal.measurement.zzlh zzbH() -> h
    int zzbq() -> l
    void zzbr(int) -> m
    java.lang.Object zzbA(java.lang.reflect.Method,java.lang.Object,java.lang.Object[]) -> o
    com.google.android.gms.internal.measurement.zzki zzbB() -> p
    com.google.android.gms.internal.measurement.zzkj zzbC() -> q
    com.google.android.gms.internal.measurement.zzkj zzbD(com.google.android.gms.internal.measurement.zzkj) -> r
    com.google.android.gms.internal.measurement.zzkk zzbE() -> s
    com.google.android.gms.internal.measurement.zzkk zzbF(com.google.android.gms.internal.measurement.zzkk) -> t
    com.google.android.gms.internal.measurement.zzjz zzbt() -> u
    com.google.android.gms.internal.measurement.zzjz zzbu() -> v
    com.google.android.gms.internal.measurement.zzkd zzbx(java.lang.Class) -> w
    void zzby(java.lang.Class,com.google.android.gms.internal.measurement.zzkd) -> x
    java.lang.Object zzbz(com.google.android.gms.internal.measurement.zzli,java.lang.String,java.lang.Object[]) -> y
    java.lang.Object zzl(int,java.lang.Object,java.lang.Object) -> z
com.google.android.gms.internal.measurement.zzke -> b.a.a.a.d.c.q8:
    int zzc -> k
    com.google.android.gms.internal.measurement.zzke zza -> l
    int[] zzb -> j
    com.google.android.gms.internal.measurement.zzke zzd() -> d
    int zzg(int) -> e
    void zzh(int) -> i
    void zzi(int) -> k
    java.lang.String zzj(int) -> l
    com.google.android.gms.internal.measurement.zzki zzf(int) -> o
    com.google.android.gms.internal.measurement.zzkk zze(int) -> q
com.google.android.gms.internal.measurement.zzkf -> b.a.a.a.d.c.r8:
com.google.android.gms.internal.measurement.zzkh -> b.a.a.a.d.c.s8:
    boolean zza(int) -> a
com.google.android.gms.internal.measurement.zzki -> b.a.a.a.d.c.t8:
    com.google.android.gms.internal.measurement.zzki zzf(int) -> o
com.google.android.gms.internal.measurement.zzkj -> b.a.a.a.d.c.u8:
    com.google.android.gms.internal.measurement.zzkj zzd(int) -> h
    long zzc(int) -> j
com.google.android.gms.internal.measurement.zzkk -> b.a.a.a.d.c.v8:
    boolean zza() -> a
    void zzb() -> b
    com.google.android.gms.internal.measurement.zzkk zze(int) -> q
com.google.android.gms.internal.measurement.zzkl -> b.a.a.a.d.c.w8:
    byte[] zzc -> b
    java.nio.charset.Charset zza -> a
    java.lang.Object zza(java.lang.Object) -> a
    java.lang.Object zzb(java.lang.Object,java.lang.String) -> b
    boolean zzc(byte[]) -> c
    java.lang.String zzd(byte[]) -> d
    int zze(long) -> e
    int zzf(boolean) -> f
    int zzg(byte[]) -> g
    int zzh(int,byte[],int,int) -> h
    java.lang.Object zzi(java.lang.Object,java.lang.Object) -> i
com.google.android.gms.internal.measurement.zzkm -> b.a.a.a.d.c.x8:
com.google.android.gms.internal.measurement.zzkn -> b.a.a.a.d.c.y8:
    com.google.android.gms.internal.measurement.zzkn zza() -> a
    com.google.android.gms.internal.measurement.zzkn zzb() -> b
    com.google.android.gms.internal.measurement.zzkn zzc() -> c
    com.google.android.gms.internal.measurement.zzkm zzd() -> d
    com.google.android.gms.internal.measurement.zzkn zze() -> e
    com.google.android.gms.internal.measurement.zzkn zzf() -> f