build/app/outputs/mapping/release/usage.txt
io.flutter.embedding.engine.systemchannels.RestorationChannel:
    private static final java.lang.String TAG
androidx.viewpager.R$layout
com.google.firebase.analytics.connector.internal.zzg
androidx.legacy.coreutils.R
com.google.android.gms.common.api.Status
org.chromium.support_lib_boundary.util.Features
com.google.android.gms.common.util.GmsVersion
androidx.fragment.app.FragmentManagerImpl$4
io.flutter.plugins.webviewflutter.WebViewFlutterPlugin:
    public static void registerWith(io.flutter.plugin.common.PluginRegistry$Registrar)
com.google.android.gms.internal.measurement.zzch
androidx.versionedparcelable.VersionedParcel$1
com.google.android.gms.measurement.sdk.api.R
androidx.fragment.app.FragmentFactory
androidx.customview.widget.ExploreByTouchHelper$2
com.google.firebase.analytics.FirebaseAnalytics$Param
androidx.viewpager.R$string
androidx.core.app.ActivityOptionsCompat$ActivityOptionsCompatImpl
io.flutter.plugins.webviewflutter.BuildConfig
androidx.core.app.ActivityRecreator
com.google.firebase.installations.R$attr
androidx.versionedparcelable.NonParcelField
androidx.fragment.app.FragmentPagerAdapter
androidx.core.view.GravityCompat
androidx.legacy.coreutils.R$style
androidx.annotation.IntegerRes
com.example.wikibrowser.R$style
androidx.annotation.InspectableProperty$ValueType
com.google.firebase.components.OptionalProvider:
    static com.google.firebase.components.OptionalProvider of(com.google.firebase.inject.Provider)
    private static synthetic void lambda$whenAvailable$2(com.google.firebase.inject.Deferred$DeferredHandler,com.google.firebase.inject.Deferred$DeferredHandler,com.google.firebase.inject.Provider)
    public void whenAvailable(com.google.firebase.inject.Deferred$DeferredHandler)
androidx.arch.core.executor.DefaultTaskExecutor
com.example.wikibrowser.R$string
androidx.core.R
androidx.core.view.accessibility.AccessibilityNodeInfoCompat$CollectionItemInfoCompat
com.google.firebase.installations.remote.InstallationResponse:
    public abstract com.google.firebase.installations.remote.InstallationResponse$Builder toBuilder()
androidx.core.view.ViewPropertyAnimatorListenerAdapter
io.flutter.plugin.common.StandardMessageCodec:
    private static final java.lang.String TAG
    private static final byte NULL
    private static final byte TRUE
    private static final byte FALSE
    private static final byte INT
    private static final byte LONG
    private static final byte BIGINT
    private static final byte DOUBLE
    private static final byte STRING
    private static final byte BYTE_ARRAY
    private static final byte INT_ARRAY
    private static final byte LONG_ARRAY
    private static final byte DOUBLE_ARRAY
    private static final byte LIST
    private static final byte MAP
com.google.android.gms.actions.SearchIntents
com.google.android.gms.common.util.DefaultClock:
    public long currentThreadTimeMillis()
com.google.android.gms.internal.measurement.zzir:
    void <init>()
androidx.core.app.NotificationManagerCompat$NotifyTask
androidx.fragment.app.FragmentManagerImpl
androidx.core.content.pm.ShortcutInfoCompat
com.google.android.gms.stats.R
io.flutter.embedding.android.FlutterSplashView:
    public void <init>(android.content.Context,android.util.AttributeSet)
com.google.android.gms.common.internal.safeparcel.SafeParcelable$Reserved
androidx.core.view.accessibility.AccessibilityNodeProviderCompat$AccessibilityNodeProviderApi16
com.google.android.gms.common.internal.DowngradeableSafeParcel
androidx.core.view.NestedScrollingParent
io.flutter.plugin.common.EventChannel$1
com.google.android.gms.internal.measurement.zzdk
androidx.core.app.NotificationCompat$Extender
com.google.firebase.installations.CrossProcessLock:
    private static final java.lang.String TAG
androidx.fragment.app.ListFragment
io.flutter.plugins.webviewflutter.FlutterWebViewClient:
    private static final java.lang.String TAG
androidx.core.graphics.TypefaceCompatApi24Impl
androidx.core.provider.FontsContractCompat$4$1